<?xml version="1.0" encoding="UTF-8"?>
<testsuite name="snake.basic.GrowthTests" tests="2" skipped="0" failures="0" errors="0" timestamp="2020-09-17T17:51:15" hostname="JARVIS" time="0.013">
  <properties/>
  <testcase name="testGrow" classname="snake.basic.GrowthTests" time="0.006"/>
  <testcase name="testGrowTwice" classname="snake.basic.GrowthTests" time="0.006"/>
  <system-out><![CDATA[]]></system-out>
  <system-err><![CDATA[]]></system-err>
</testsuite>
