<?xml version="1.0" encoding="UTF-8"?>
<testsuite name="snake.basic.DeathTests" tests="3" skipped="0" failures="0" errors="0" timestamp="2020-09-11T15:21:48" hostname="JARVIS" time="0.01">
  <properties/>
  <testcase name="testGameOver" classname="snake.basic.DeathTests" time="0.003"/>
  <testcase name="testPreciselyDoesNotDie" classname="snake.basic.DeathTests" time="0.004"/>
  <testcase name="testNoEscapeGameOver" classname="snake.basic.DeathTests" time="0.003"/>
  <system-out><![CDATA[List(Point(3,0), Point(4,0), Point(5,0), Point(0,1), Point(1,1), Point(2,1), Point(3,1), Point(4,1), Point(5,1), Point(0,2), Point(1,2), Point(2,2), Point(3,2), Point(4,2), Point(5,2))
apple: Point(3,0)
List(Point(0,0), Point(4,0), Point(5,0), Point(0,1), Point(1,1), Point(2,1), Point(3,1), Point(4,1), Point(5,1), Point(0,2), Point(1,2), Point(2,2), Point(3,2), Point(4,2), Point(5,2))
apple: Point(3,1)
List(Point(3,0), Point(4,0), Point(5,0), Point(0,1), Point(1,1), Point(2,1), Point(3,1), Point(4,1), Point(5,1))
apple: Point(3,0)
List(Point(0,0), Point(4,0), Point(5,0), Point(0,1), Point(1,1), Point(2,1), Point(3,1), Point(4,1), Point(5,1))
apple: Point(0,1)
List(Point(3,0), Point(4,0), Point(0,1), Point(1,1), Point(2,1), Point(3,1), Point(4,1), Point(0,2), Point(1,2), Point(2,2), Point(3,2), Point(4,2), Point(0,3), Point(1,3), Point(2,3), Point(3,3), Point(4,3))
apple: Point(3,0)
List(Point(0,0), Point(4,0), Point(0,1), Point(1,1), Point(2,1), Point(3,1), Point(4,1), Point(0,2), Point(1,2), Point(2,2), Point(3,2), Point(4,2), Point(0,3), Point(1,3), Point(2,3), Point(3,3), Point(4,3))
apple: Point(0,0)
]]></system-out>
  <system-err><![CDATA[]]></system-err>
</testsuite>
