<?xml version="1.0" encoding="UTF-8"?>
<testsuite name="snake.basic.PlacementTests" tests="1" skipped="1" failures="0" errors="0" timestamp="2020-09-12T11:16:44" hostname="JARVIS" time="46.465">
  <properties/>
  <testcase name="testStartCorrectly" classname="snake.basic.PlacementTests" time="46.465">
    <skipped/>
  </testcase>
  <system-out><![CDATA[]]></system-out>
  <system-err><![CDATA[]]></system-err>
</testsuite>
