<?xml version="1.0" encoding="UTF-8"?>
<testsuite name="snake.basic.NoReverseTest" tests="1" skipped="0" failures="0" errors="0" timestamp="2020-09-11T15:21:48" hostname="JARVIS" time="0.003">
  <properties/>
  <testcase name="TestNoReverseMode" classname="snake.basic.NoReverseTest" time="0.003"/>
  <system-out><![CDATA[List(Point(3,0), Point(0,1), Point(1,1), Point(2,1), Point(3,1))
apple: Point(1,1)
]]></system-out>
  <system-err><![CDATA[]]></system-err>
</testsuite>
