<?xml version="1.0" encoding="UTF-8"?>
<testsuite name="snake.SnakeTestsAssignment2_1" tests="0" skipped="0" failures="0" errors="0" timestamp="1970-01-01T00:00:00" hostname="JARVIS" time="0.0">
  <properties/>
  <system-out><![CDATA[You got 3/26 points!
Your grade for the repls exercise will be : 1,15
]]></system-out>
  <system-err><![CDATA[]]></system-err>
</testsuite>
