<?xml version="1.0" encoding="UTF-8"?>
<testsuite name="snake.basic.NoReverseTest" tests="1" skipped="0" failures="0" errors="0" timestamp="2020-09-17T17:51:15" hostname="JARVIS" time="0.003">
  <properties/>
  <testcase name="TestNoReverseMode" classname="snake.basic.NoReverseTest" time="0.003"/>
  <system-out><![CDATA[]]></system-out>
  <system-err><![CDATA[]]></system-err>
</testsuite>
