<?xml version="1.0" encoding="UTF-8"?>
<<<<<<< HEAD
<testsuite name="snake.basic.FullGameTests" tests="7" skipped="0" failures="0" errors="0" timestamp="2020-09-13T19:34:16" hostname="JARVIS" time="0.038">
  <properties/>
  <testcase name="testGame3x1" classname="snake.basic.FullGameTests" time="0.001"/>
  <testcase name="testGame6x6" classname="snake.basic.FullGameTests" time="0.008"/>
  <testcase name="testGame6x3" classname="snake.basic.FullGameTests" time="0.004"/>
  <testcase name="testGame10x7" classname="snake.basic.FullGameTests" time="0.01"/>
  <testcase name="testInterleave6x3and10x7" classname="snake.basic.FullGameTests" time="0.005"/>
  <testcase name="testInterleave6x6and10x7" classname="snake.basic.FullGameTests" time="0.006"/>
  <testcase name="testInterleave6x3and6x6" classname="snake.basic.FullGameTests" time="0.003"/>
=======
<testsuite name="snake.basic.FullGameTests" tests="7" skipped="0" failures="0" errors="0" timestamp="2020-09-14T13:27:03" hostname="JARVIS" time="0.034">
  <properties/>
  <testcase name="testGame3x1" classname="snake.basic.FullGameTests" time="0.002"/>
  <testcase name="testGame6x6" classname="snake.basic.FullGameTests" time="0.007"/>
  <testcase name="testGame6x3" classname="snake.basic.FullGameTests" time="0.003"/>
  <testcase name="testGame10x7" classname="snake.basic.FullGameTests" time="0.009"/>
  <testcase name="testInterleave6x3and10x7" classname="snake.basic.FullGameTests" time="0.005"/>
  <testcase name="testInterleave6x6and10x7" classname="snake.basic.FullGameTests" time="0.004"/>
  <testcase name="testInterleave6x3and6x6" classname="snake.basic.FullGameTests" time="0.002"/>
>>>>>>> immutable
  <system-out><![CDATA[]]></system-out>
  <system-err><![CDATA[]]></system-err>
</testsuite>
