<?xml version="1.0" encoding="UTF-8"?>
<<<<<<< HEAD
<testsuite name="snake.basic.DeathTests" tests="3" skipped="0" failures="0" errors="0" timestamp="2020-09-13T19:34:16" hostname="JARVIS" time="0.01">
  <properties/>
  <testcase name="testGameOver" classname="snake.basic.DeathTests" time="0.003"/>
  <testcase name="testPreciselyDoesNotDie" classname="snake.basic.DeathTests" time="0.003"/>
  <testcase name="testNoEscapeGameOver" classname="snake.basic.DeathTests" time="0.003"/>
=======
<testsuite name="snake.basic.DeathTests" tests="3" skipped="0" failures="0" errors="0" timestamp="2020-09-14T13:27:03" hostname="JARVIS" time="0.008">
  <properties/>
  <testcase name="testGameOver" classname="snake.basic.DeathTests" time="0.003"/>
  <testcase name="testPreciselyDoesNotDie" classname="snake.basic.DeathTests" time="0.003"/>
  <testcase name="testNoEscapeGameOver" classname="snake.basic.DeathTests" time="0.002"/>
>>>>>>> immutable
  <system-out><![CDATA[]]></system-out>
  <system-err><![CDATA[]]></system-err>
</testsuite>
