<?xml version="1.0" encoding="UTF-8"?>
<testsuite name="snake.basic.GrowthTests" tests="2" skipped="0" failures="0" errors="0" timestamp="2020-09-11T15:21:48" hostname="JARVIS" time="0.012">
  <properties/>
  <testcase name="testGrow" classname="snake.basic.GrowthTests" time="0.005"/>
  <testcase name="testGrowTwice" classname="snake.basic.GrowthTests" time="0.007"/>
  <system-out><![CDATA[List(Point(3,0), Point(4,0), Point(5,0), Point(6,0), Point(7,0), Point(8,0), Point(9,0), Point(0,1), Point(1,1), Point(2,1), Point(3,1), Point(4,1), Point(5,1), Point(6,1), Point(7,1), Point(8,1), Point(9,1))
apple: Point(4,0)
List(Point(0,0), Point(1,0), Point(5,0), Point(6,0), Point(7,0), Point(8,0), Point(9,0), Point(0,1), Point(1,1), Point(2,1), Point(3,1), Point(4,1), Point(5,1), Point(6,1), Point(7,1), Point(8,1), Point(9,1))
apple: Point(3,1)
List(Point(3,0), Point(4,0), Point(5,0), Point(6,0), Point(7,0), Point(8,0), Point(9,0), Point(10,0), Point(11,0), Point(12,0), Point(13,0), Point(0,1), Point(1,1), Point(2,1), Point(3,1), Point(4,1), Point(5,1), Point(6,1), Point(7,1), Point(8,1), Point(9,1), Point(10,1), Point(11,1), Point(12,1), Point(13,1))
apple: Point(3,0)
List(Point(0,0), Point(4,0), Point(5,0), Point(6,0), Point(7,0), Point(8,0), Point(9,0), Point(10,0), Point(11,0), Point(12,0), Point(13,0), Point(0,1), Point(1,1), Point(2,1), Point(3,1), Point(4,1), Point(5,1), Point(6,1), Point(7,1), Point(8,1), Point(9,1), Point(10,1), Point(11,1), Point(12,1), Point(13,1))
apple: Point(5,0)
List(Point(0,0), Point(6,0), Point(7,0), Point(8,0), Point(9,0), Point(10,0), Point(11,0), Point(12,0), Point(13,0), Point(0,1), Point(1,1), Point(2,1), Point(3,1), Point(4,1), Point(5,1), Point(6,1), Point(7,1), Point(8,1), Point(9,1), Point(10,1), Point(11,1), Point(12,1), Point(13,1))
apple: Point(1,1)
]]></system-out>
  <system-err><![CDATA[]]></system-err>
</testsuite>
