<?xml version="1.0" encoding="UTF-8"?>
<testsuite name="snake.reverse.ReverseTests" tests="5" skipped="0" failures="0" errors="0" timestamp="2020-09-18T10:42:40" hostname="JARVIS" time="0.032">
  <properties/>
  <testcase name="testReverseSimple" classname="snake.reverse.ReverseTests" time="0.003"/>
  <testcase name="testReversePastStart" classname="snake.reverse.ReverseTests" time="0.002"/>
  <testcase name="testReverseGameOver" classname="snake.reverse.ReverseTests" time="0.004"/>
  <testcase name="testChangeThePast" classname="snake.reverse.ReverseTests" time="0.004"/>
  <testcase name="testReverseLong" classname="snake.reverse.ReverseTests" time="0.016"/>
  <system-out><![CDATA[]]></system-out>
  <system-err><![CDATA[]]></system-err>
</testsuite>
